2024-01-22 08:30:01 INFO User logged in successfully.
2024-01-22 08:45:23 DEBUG Attempting to connect to the database.
2024-01-22 09:00:45 ERROR Database connection failed.
2024-01-22 09:15:10 INFO Data export completed.
2024-01-22 10:30:55 WARNING Disk usage above 80%.
2024-01-22 11:05:00 DEBUG Starting data backup process.
2024-01-22 11:30:15 ERROR Backup process failed.
2024-01-22 12:00:00 INFO User logged out.
2024-01-22 12:45:05 DEBUG Checking system health.
2024-01-22 13:30:30 INFO Scheduled maintenance.
2024-01-22 13:45:00 DEBUG Starting hardware diagnostics.
2024-01-22 14:00:10 INFO Hardware diagnostics completed.
2024-01-22 14:10:45 WARNING CPU temperature high.
2024-01-22 14:12:05 INFO Initiating cooling sequence.
2024-01-22 14:20:30 DEBUG Monitoring cooling metrics.
2024-01-22 14:25:55 INFO Cooling sequence successful.
2024-01-22 14:35:12 INFO New user created.
2024-01-22 14:45:40 DEBUG Loading user permissions.
2024-01-22 14:47:05 INFO User permissions applied.
2024-01-22 15:00:00 INFO Scheduled task started.
2024-01-22 15:05:22 ERROR Scheduled task failed.
2024-01-22 15:07:10 DEBUG Collecting failure diagnostics.
2024-01-22 15:15:33 INFO Submitted incident report.
2024-01-22 15:25:00 WARNING Memory usage above threshold.
2024-01-22 15:30:45 DEBUG Running memory cleanup.
2024-01-22 15:35:50 INFO Memory cleanup completed.
2024-01-22 15:45:05 INFO Email notifications sent.
2024-01-22 15:55:15 DEBUG Verifying email delivery.
2024-01-22 16:05:40 INFO Email delivery verified.
2024-01-22 16:15:00 INFO System audit started.
2024-01-22 16:25:25 DEBUG Checking user roles.
2024-01-22 16:30:30 INFO User roles confirmed.
2024-01-22 16:45:45 WARNING Audit trail nearing capacity.
2024-01-22 16:50:12 DEBUG Archiving old audit data.
2024-01-22 17:00:00 INFO Archive completed.
2024-01-22 17:10:05 INFO API usage report generated.
2024-01-22 17:20:40 DEBUG Sending API usage report.
2024-01-22 17:25:55 INFO API usage report delivered.
2024-01-22 17:35:15 INFO Security scan initiated.
2024-01-22 17:45:30 DEBUG Security scan in progress.
2024-01-22 18:00:00 INFO Security scan completed.
2024-01-22 18:10:18 WARNING Unauthorized login attempts detected.
2024-01-22 18:12:50 INFO Unauthorized attempts blocked.
2024-01-22 18:20:40 DEBUG Updating firewall rules.
2024-01-22 18:30:00 INFO Firewall rules updated.
2024-01-22 18:40:25 INFO Daily summary generated.
2024-01-22 18:45:55 DEBUG Uploading summary to dashboard.
2024-01-22 18:50:05 INFO Summary available on dashboard.
2024-01-22 19:00:30 INFO System checks completed.
2024-01-22 19:15:45 INFO End of day procedures initiated.
2024-01-22 19:25:00 DEBUG Validating end of day backups.
2024-01-22 19:35:20 INFO End of day backups validated.
2024-01-22 19:45:35 INFO Log rotation triggered.
2024-01-22 19:55:50 DEBUG Archiving rotated logs.
2024-01-22 20:05:05 INFO Rotated logs archived.
2024-01-22 20:15:15 WARNING Pending software updates.
2024-01-22 20:20:45 INFO Software update scheduled for midnight.
2024-01-22 20:30:30 DEBUG Notifying stakeholders about update.
2024-01-22 20:40:00 INFO Stakeholder notifications sent.
2024-01-22 20:50:10 INFO System ready for overnight operations.