2024-01-24 07:45:00 INFO Nightly batch completed.
2024-01-24 07:48:30 DEBUG Verifying batch checksum.
2024-01-24 07:51:45 INFO Batch checksum verified.
2024-01-24 07:55:10 INFO Generating morning reports.
2024-01-24 08:02:20 DEBUG Report generation at 50%.
2024-01-24 08:05:35 INFO Reports generated successfully.
2024-01-24 08:10:00 INFO Dispatching reports to stakeholders.
2024-01-24 08:15:25 DEBUG Email queue length 5.
2024-01-24 08:18:40 INFO Email queue cleared.
2024-01-24 08:22:55 INFO Cache warmup started.
2024-01-24 08:27:10 DEBUG Cache warmup progress 40%.
2024-01-24 08:30:45 INFO Cache warmup completed.
2024-01-24 08:35:00 WARNING Disk I/O latency spike detected.
2024-01-24 08:37:20 DEBUG Capturing disk metrics snapshot.
2024-01-24 08:40:55 INFO Disk metrics stored for analysis.
2024-01-24 08:45:15 INFO Restarting analytics service.
2024-01-24 08:48:30 DEBUG Analytics service stopping.
2024-01-24 08:50:05 INFO Analytics service stopped.
2024-01-24 08:52:40 INFO Analytics service started.
2024-01-24 08:55:00 DEBUG Verifying analytics endpoints.
2024-01-24 08:58:25 INFO Analytics endpoints responding normally.
2024-01-24 09:00:50 INFO Morning maintenance window closed.
