2024-01-25 06:30:00 INFO Data center status check started.
2024-01-25 06:32:15 DEBUG Querying power usage.
2024-01-25 06:35:40 INFO Power usage within limits.
2024-01-25 06:40:05 INFO Cooling system inspection started.
2024-01-25 06:42:50 DEBUG Cooling system telemetry received.
2024-01-25 06:45:20 INFO Cooling system nominal.
2024-01-25 06:50:00 INFO Network throughput report generated.
2024-01-25 06:53:30 DEBUG Uploading throughput report.
2024-01-25 06:55:45 INFO Throughput report uploaded.
2024-01-25 07:00:10 WARNING Elevated packet loss detected.
2024-01-25 07:03:25 DEBUG Tracing packet loss source.
2024-01-25 07:06:40 INFO Packet loss mitigated.
2024-01-25 07:10:55 INFO Backup jobs queued.
2024-01-25 07:15:15 DEBUG Monitoring backup job #1.
2024-01-25 07:18:30 INFO Backup job #1 completed.
2024-01-25 07:22:45 DEBUG Monitoring backup job #2.
2024-01-25 07:26:00 INFO Backup job #2 completed.
2024-01-25 07:30:15 DEBUG Monitoring backup job #3.
2024-01-25 07:33:30 INFO Backup job #3 completed.
2024-01-25 07:37:45 INFO Patching cycle initiated.
2024-01-25 07:40:55 DEBUG Downloading patch package.
2024-01-25 07:44:10 INFO Patch package downloaded.
2024-01-25 07:48:25 INFO Patch installation started.
2024-01-25 07:52:40 DEBUG Patch installation progress 60%.
2024-01-25 07:56:55 INFO Patch installation completed.
2024-01-25 08:00:05 INFO Reboot scheduled in maintenance window.
2024-01-25 08:05:20 DEBUG Notifying operations team.
2024-01-25 08:08:35 INFO Operations team acknowledged.
2024-01-25 08:12:50 INFO Maintenance window confirmed.
2024-01-25 08:17:05 INFO Systems stable post-maintenance.
